Assembler report for Aula_9
Fri Oct 21 15:00:29 2022
Quartus Prime Version 20.1.0 Build 711 06/05/2020 SJ Lite Edition


---------------------
; Table of Contents ;
---------------------
  1. Legal Notice
  2. Assembler Summary
  3. Assembler Settings
  4. Assembler Generated Files
  5. Assembler Device Options: Aula_9.sof
  6. Assembler Messages



----------------
; Legal Notice ;
----------------
Copyright (C) 2020  Intel Corporation. All rights reserved.
Your use of Intel Corporation's design tools, logic functions 
and other software and tools, and any partner logic 
functions, and any output files from any of the foregoing 
(including device programming or simulation files), and any 
associated documentation or information are expressly subject 
to the terms and conditions of the Intel Program License 
Subscription Agreement, the Intel Quartus Prime License Agreement,
the Intel FPGA IP License Agreement, or other applicable license
agreement, including, without limitation, that your use is for
the sole purpose of programming logic devices manufactured by
Intel and sold by Intel or its authorized distributors.  Please
refer to the applicable agreement for further details, at
https://fpgasoftware.intel.com/eula.



+---------------------------------------------------------------+
; Assembler Summary                                             ;
+-----------------------+---------------------------------------+
; Assembler Status      ; Successful - Fri Oct 21 15:00:29 2022 ;
; Revision Name         ; Aula_9                                ;
; Top-level Entity Name ; Aula_9                                ;
; Family                ; Cyclone V                             ;
; Device                ; 5CEBA4F23C7                           ;
+-----------------------+---------------------------------------+


+----------------------------------+
; Assembler Settings               ;
+--------+---------+---------------+
; Option ; Setting ; Default Value ;
+--------+---------+---------------+


+-----------------------------------------+
; Assembler Generated Files               ;
+-----------------------------------------+
; File Name                               ;
+-----------------------------------------+
; /home/osboxes/DesComp/Aula_9/Aula_9.sof ;
+-----------------------------------------+


+--------------------------------------+
; Assembler Device Options: Aula_9.sof ;
+----------------+---------------------+
; Option         ; Setting             ;
+----------------+---------------------+
; JTAG usercode  ; 0x0062A0FE          ;
; Checksum       ; 0x0062A0FE          ;
+----------------+---------------------+


+--------------------+
; Assembler Messages ;
+--------------------+
Info: *******************************************************************
Info: Running Quartus Prime Assembler
    Info: Version 20.1.0 Build 711 06/05/2020 SJ Lite Edition
    Info: Processing started: Fri Oct 21 14:58:15 2022
Info: Command: quartus_asm --read_settings_files=off --write_settings_files=off Aula_9 -c Aula_9
Info (115030): Assembler is generating device programming files
Info: Quartus Prime Assembler was successful. 0 errors, 0 warnings
    Info: Peak virtual memory: 494 megabytes
    Info: Processing ended: Fri Oct 21 15:00:29 2022
    Info: Elapsed time: 00:02:14
    Info: Total CPU time (on all processors): 00:00:04


